#
# There is insufficient memory for the Java Runtime Environment to continue.
# Native memory allocation (malloc) failed to allocate 32744 bytes for ChunkPool::allocate
# Possible reasons:
#   The system is out of physical RAM or swap space
#   In 32 bit mode, the process size limit was hit
# Possible solutions:
#   Reduce memory load on the system
#   Increase physical memory or swap space
#   Check if swap backing store is full
#   Use 64 bit Java on a 64 bit OS
#   Decrease Java heap size (-Xmx/-Xms)
#   Decrease number of Java threads
#   Decrease Java thread stack sizes (-Xss)
#   Set larger code cache with -XX:ReservedCodeCacheSize=
# This output file may be truncated or incomplete.
#
#  Out of Memory Error (allocation.cpp:273), pid=68652, tid=68744
#
# JRE version: Java(TM) SE Runtime Environment (8.0_77-b03) (build 1.8.0_77-b03)
# Java VM: Java HotSpot(TM) 64-Bit Server VM (25.77-b03 mixed mode windows-amd64 compressed oops)
# Failed to write core dump. Minidumps are not enabled by default on client versions of Windows
#

---------------  T H R E A D  ---------------

Current thread (0x000000001666f800):  JavaThread "C2 CompilerThread2" daemon [_thread_in_native, id=68744, stack(0x00000000181b0000,0x00000000182b0000)]

Stack: [0x00000000181b0000,0x00000000182b0000]
[error occurred during error reporting (printing stack bounds), id 0xc0000005]

Native frames: (J=compiled Java code, j=interpreted, Vv=VM code, C=native code)


Current CompileTask:
C2:  92930 14934   !   4       com.google.common.cache.LocalCache$Segment::storeLoadedValue (373 bytes)


---------------  P R O C E S S  ---------------

Java Threads: ( => current thread )
  0x000000001dbb4800 JavaThread "build operations Thread 8" [_thread_blocked, id=3076, stack(0x0000000023c50000,0x0000000023d50000)]
  0x000000001dbb8000 JavaThread "build operations Thread 7" [_thread_blocked, id=6844, stack(0x0000000023980000,0x0000000023a80000)]
  0x000000001dbb6000 JavaThread "build operations Thread 6" [_thread_blocked, id=8272, stack(0x0000000021d70000,0x0000000021e70000)]
  0x000000001dbb6800 JavaThread "build operations Thread 5" [_thread_blocked, id=10264, stack(0x0000000021b50000,0x0000000021c50000)]
  0x000000001dbb7800 JavaThread "build operations Thread 4" [_thread_blocked, id=10740, stack(0x0000000021c60000,0x0000000021d60000)]
  0x000000001dbab800 JavaThread "build operations Thread 3" [_thread_blocked, id=8468, stack(0x0000000021a20000,0x0000000021b20000)]
  0x000000001dbac000 JavaThread "build operations Thread 2" [_thread_blocked, id=6920, stack(0x00000000217f0000,0x00000000218f0000)]
  0x000000001dba9000 JavaThread "build operations" [_thread_blocked, id=10744, stack(0x0000000020280000,0x0000000020380000)]
  0x000000001dbaa800 JavaThread "Cache worker for Artifact transforms cache (C:\Users\illitirit\.gradle\caches\transforms-1)" [_thread_blocked, id=3480, stack(0x0000000021400000,0x0000000021500000)]
  0x000000001dbaa000 JavaThread "Cache worker for file hash cache (C:\Users\illitirit\Code\phiscal\android\.gradle\4.4\fileHashes)" [_thread_blocked, id=11176, stack(0x000000001e7e0000,0x000000001e8e0000)]
  0x000000001dbad800 JavaThread "Stdin handler" [_thread_blocked, id=9180, stack(0x000000001c700000,0x000000001c800000)]
  0x000000001dbb0800 JavaThread "Asynchronous log dispatcher for DefaultDaemonConnection: socket connection from /127.0.0.1:56971 to /127.0.0.1:57182" [_thread_blocked, id=8352, stack(0x000000001abd0000,0x000000001acd0000)]
  0x000000001dbae800 JavaThread "Daemon worker Thread 2" [_thread_in_Java, id=10384, stack(0x000000001a830000,0x000000001a930000)]
  0x000000001dbaf000 JavaThread "Cancel handler" [_thread_blocked, id=10636, stack(0x000000001a150000,0x000000001a250000)]
  0x000000001dbb2000 JavaThread "Handler for socket connection from /127.0.0.1:56971 to /127.0.0.1:57182" [_thread_in_native, id=11244, stack(0x000000001b0b0000,0x000000001b1b0000)]
  0x000000001dbb1800 JavaThread "Daemon Thread 2" [_thread_blocked, id=10984, stack(0x000000001a730000,0x000000001a830000)]
  0x000000001dbb5000 JavaThread "Device List Monitor" [_thread_in_native, id=4876, stack(0x0000000025ea0000,0x0000000025fa0000)]
  0x000000001dbb0000 JavaThread "Monitor" [_thread_in_native, id=69532, stack(0x0000000028730000,0x0000000028830000)]
  0x000000001997d000 JavaThread "Memory manager" [_thread_blocked, id=69212, stack(0x0000000022120000,0x0000000022220000)]
  0x0000000019973000 JavaThread "File lock request listener" [_thread_in_native, id=69604, stack(0x000000001b1b0000,0x000000001b2b0000)]
  0x0000000019972800 JavaThread "Cache worker for file hash cache (C:\Users\illitirit\.gradle\caches\4.4\fileHashes)" [_thread_blocked, id=69540, stack(0x000000001afa0000,0x000000001b0a0000)]
  0x0000000019863000 JavaThread "Daemon periodic checks" [_thread_blocked, id=68784, stack(0x000000001a5b0000,0x000000001a6b0000)]
  0x0000000019862000 JavaThread "Incoming local TCP Connector on port 56971" [_thread_in_native, id=68780, stack(0x000000001a4a0000,0x000000001a5a0000)]
  0x000000001967e000 JavaThread "Daemon health stats" [_thread_blocked, id=68764, stack(0x0000000019dd0000,0x0000000019ed0000)]
  0x0000000016703000 JavaThread "Service Thread" daemon [_thread_blocked, id=68752, stack(0x0000000018420000,0x0000000018520000)]
  0x0000000016674000 JavaThread "C1 CompilerThread3" daemon [_thread_in_native, id=68748, stack(0x0000000017750000,0x0000000017850000)]
=>0x000000001666f800 JavaThread "C2 CompilerThread2" daemon [_thread_in_native, id=68744, stack(0x00000000181b0000,0x00000000182b0000)]
  0x0000000016662000 JavaThread "C2 CompilerThread1" daemon [_thread_in_native, id=68740, stack(0x0000000018010000,0x0000000018110000)]
  0x000000001665a800 JavaThread "C2 CompilerThread0" daemon [_thread_in_native, id=68736, stack(0x0000000017e50000,0x0000000017f50000)]
  0x0000000016659000 JavaThread "Attach Listener" daemon [_thread_blocked, id=68732, stack(0x0000000017cb0000,0x0000000017db0000)]
  0x0000000016668000 JavaThread "Signal Dispatcher" daemon [_thread_blocked, id=68728, stack(0x0000000017b50000,0x0000000017c50000)]
  0x0000000015498000 JavaThread "Finalizer" daemon [_thread_blocked, id=68724, stack(0x0000000017a50000,0x0000000017b50000)]
  0x0000000015490800 JavaThread "Reference Handler" daemon [_thread_blocked, id=68720, stack(0x0000000017890000,0x0000000017990000)]
  0x00000000020eb000 JavaThread "main" [_thread_blocked, id=68680, stack(0x00000000022e0000,0x00000000023e0000)]

Other Threads:
  0x0000000015483800 VMThread [stack: 0x00000000175c0000,0x00000000176c0000] [id=68716]
  0x0000000016721800 WatcherThread [stack: 0x00000000182d0000,0x00000000183d0000] [id=68756]

VM state:not at safepoint (normal execution)

VM Mutex/Monitor currently owned by a thread: None

Heap:
 PSYoungGen      total 275456K, used 41274K [0x00000000eab00000, 0x0000000100000000, 0x0000000100000000)
  eden space 204800K, 18% used [0x00000000eab00000,0x00000000ed0fa4b8,0x00000000f7300000)
  from space 70656K, 3% used [0x00000000fbb00000,0x00000000fbd54688,0x0000000100000000)
  to   space 72192K, 0% used [0x00000000f7300000,0x00000000f7300000,0x00000000fb980000)
 ParOldGen       total 456704K, used 191887K [0x00000000c0000000, 0x00000000dbe00000, 0x00000000eab00000)
  object space 456704K, 42% used [0x00000000c0000000,0x00000000cbb63cb8,0x00000000dbe00000)
 Metaspace       used 75475K, capacity 78994K, committed 79232K, reserved 1118208K
  class space    used 10082K, capacity 10766K, committed 10880K, reserved 1048576K

Card table byte_map: [0x0000000011a70000,0x0000000011c80000] byte_map_base: 0x0000000011470000

Marking Bits: (ParMarkBitMap*) 0x0000000054280600
 Begin Bits: [0x00000000128a0000, 0x00000000138a0000)
 End Bits:   [0x00000000138a0000, 0x00000000148a0000)

Polling page: 0x0000000000150000

CodeCache: size=245760Kb used=36631Kb max_used=37171Kb free=209128Kb
 bounds [0x00000000026b0000, 0x0000000004b50000, 0x00000000116b0000]
 total_blobs=12695 nmethods=11872 adapters=733
 compilation: enabled

Compilation events (10 events):
Event: 92.928 Thread 0x0000000016674000 nmethod 15013 0x0000000004615610 code [0x0000000004615780, 0x0000000004615990]
Event: 92.928 Thread 0x0000000016674000 15014       3       org.gradle.model.internal.core.ModelRegistrations$Builder$DescriptorReference::<init> (5 bytes)
Event: 92.928 Thread 0x0000000016674000 nmethod 15014 0x0000000004615250 code [0x00000000046153a0, 0x0000000004615550]
Event: 92.928 Thread 0x0000000016674000 15015       3       org.gradle.model.internal.core.DefaultModelRegistration::<init> (50 bytes)
Event: 92.928 Thread 0x0000000016674000 nmethod 15015 0x000000000477d450 code [0x000000000477d660, 0x000000000477df08]
Event: 92.928 Thread 0x0000000016674000 15016       3       org.gradle.model.internal.registry.ModelElementNode::<init> (12 bytes)
Event: 92.928 Thread 0x0000000016674000 nmethod 15016 0x000000000477d050 code [0x000000000477d1c0, 0x000000000477d388]
Event: 92.928 Thread 0x0000000016674000 15017       3       org.gradle.model.internal.registry.ModelNodeInternal::<init> (47 bytes)
Event: 92.928 Thread 0x0000000016674000 nmethod 15017 0x000000000477ca50 code [0x000000000477cbc0, 0x000000000477cef0]
Event: 92.928 Thread 0x0000000016674000 15021       3       org.gradle.api.internal.tasks.DefaultTaskInputs::property (23 bytes)

GC Heap History (10 events):
Event: 14.688 GC heap before
{Heap before GC invocations=15 (full 3):
 PSYoungGen      total 302592K, used 302342K [0x00000000eab00000, 0x0000000100000000, 0x0000000100000000)
  eden space 269312K, 100% used [0x00000000eab00000,0x00000000fb200000,0x00000000fb200000)
  from space 33280K, 99% used [0x00000000fb200000,0x00000000fd241828,0x00000000fd280000)
  to   space 43008K, 0% used [0x00000000fd600000,0x00000000fd600000,0x0000000100000000)
 ParOldGen       total 456704K, used 55698K [0x00000000c0000000, 0x00000000dbe00000, 0x00000000eab00000)
  object space 456704K, 12% used [0x00000000c0000000,0x00000000c3664a50,0x00000000dbe00000)
 Metaspace       used 70541K, capacity 73570K, committed 73728K, reserved 1112064K
  class space    used 9581K, capacity 10222K, committed 10240K, reserved 1048576K
Event: 14.729 GC heap after
Heap after GC invocations=15 (full 3):
 PSYoungGen      total 280576K, used 43001K [0x00000000eab00000, 0x0000000100000000, 0x0000000100000000)
  eden space 237568K, 0% used [0x00000000eab00000,0x00000000eab00000,0x00000000f9300000)
  from space 43008K, 99% used [0x00000000fd600000,0x00000000ffffe4c0,0x0000000100000000)
  to   space 55808K, 0% used [0x00000000f9300000,0x00000000f9300000,0x00000000fc980000)
 ParOldGen       total 456704K, used 75384K [0x00000000c0000000, 0x00000000dbe00000, 0x00000000eab00000)
  object space 456704K, 16% used [0x00000000c0000000,0x00000000c499e1c8,0x00000000dbe00000)
 Metaspace       used 70541K, capacity 73570K, committed 73728K, reserved 1112064K
  class space    used 9581K, capacity 10222K, committed 10240K, reserved 1048576K
}
Event: 15.990 GC heap before
{Heap before GC invocations=16 (full 3):
 PSYoungGen      total 280576K, used 280569K [0x00000000eab00000, 0x0000000100000000, 0x0000000100000000)
  eden space 237568K, 100% used [0x00000000eab00000,0x00000000f9300000,0x00000000f9300000)
  from space 43008K, 99% used [0x00000000fd600000,0x00000000ffffe4c0,0x0000000100000000)
  to   space 55808K, 0% used [0x00000000f9300000,0x00000000f9300000,0x00000000fc980000)
 ParOldGen       total 456704K, used 75384K [0x00000000c0000000, 0x00000000dbe00000, 0x00000000eab00000)
  object space 456704K, 16% used [0x00000000c0000000,0x00000000c499e1c8,0x00000000dbe00000)
 Metaspace       used 70671K, capacity 73816K, committed 73984K, reserved 1114112K
  class space    used 9593K, capacity 10233K, committed 10240K, reserved 1048576K
Event: 16.051 GC heap after
Heap after GC invocations=16 (full 3):
 PSYoungGen      total 293376K, used 55785K [0x00000000eab00000, 0x0000000100000000, 0x0000000100000000)
  eden space 237568K, 0% used [0x00000000eab00000,0x00000000eab00000,0x00000000f9300000)
  from space 55808K, 99% used [0x00000000f9300000,0x00000000fc97a710,0x00000000fc980000)
  to   space 55808K, 0% used [0x00000000fc980000,0x00000000fc980000,0x0000000100000000)
 ParOldGen       total 456704K, used 98286K [0x00000000c0000000, 0x00000000dbe00000, 0x00000000eab00000)
  object space 456704K, 21% used [0x00000000c0000000,0x00000000c5ffbbc0,0x00000000dbe00000)
 Metaspace       used 70671K, capacity 73816K, committed 73984K, reserved 1114112K
  class space    used 9593K, capacity 10233K, committed 10240K, reserved 1048576K
}
Event: 19.341 GC heap before
{Heap before GC invocations=17 (full 3):
 PSYoungGen      total 293376K, used 292950K [0x00000000eab00000, 0x0000000100000000, 0x0000000100000000)
  eden space 237568K, 99% used [0x00000000eab00000,0x00000000f929b490,0x00000000f9300000)
  from space 55808K, 99% used [0x00000000f9300000,0x00000000fc97a710,0x00000000fc980000)
  to   space 55808K, 0% used [0x00000000fc980000,0x00000000fc980000,0x0000000100000000)
 ParOldGen       total 456704K, used 98880K [0x00000000c0000000, 0x00000000dbe00000, 0x00000000eab00000)
  object space 456704K, 21% used [0x00000000c0000000,0x00000000c6090128,0x00000000dbe00000)
 Metaspace       used 72150K, capacity 75482K, committed 75776K, reserved 1114112K
  class space    used 9788K, capacity 10436K, committed 10496K, reserved 1048576K
Event: 19.377 GC heap after
Heap after GC invocations=17 (full 3):
 PSYoungGen      total 267776K, used 32426K [0x00000000eab00000, 0x0000000100000000, 0x0000000100000000)
  eden space 211968K, 0% used [0x00000000eab00000,0x00000000eab00000,0x00000000f7a00000)
  from space 55808K, 58% used [0x00000000fc980000,0x00000000fe92a940,0x0000000100000000)
  to   space 68608K, 0% used [0x00000000f7a00000,0x00000000f7a00000,0x00000000fbd00000)
 ParOldGen       total 456704K, used 107884K [0x00000000c0000000, 0x00000000dbe00000, 0x00000000eab00000)
  object space 456704K, 23% used [0x00000000c0000000,0x00000000c695b318,0x00000000dbe00000)
 Metaspace       used 72150K, capacity 75482K, committed 75776K, reserved 1114112K
  class space    used 9788K, capacity 10436K, committed 10496K, reserved 1048576K
}
Event: 19.696 GC heap before
{Heap before GC invocations=18 (full 3):
 PSYoungGen      total 267776K, used 244198K [0x00000000eab00000, 0x0000000100000000, 0x0000000100000000)
  eden space 211968K, 99% used [0x00000000eab00000,0x00000000f79cf1a0,0x00000000f7a00000)
  from space 55808K, 58% used [0x00000000fc980000,0x00000000fe92a940,0x0000000100000000)
  to   space 68608K, 0% used [0x00000000f7a00000,0x00000000f7a00000,0x00000000fbd00000)
 ParOldGen       total 456704K, used 172397K [0x00000000c0000000, 0x00000000dbe00000, 0x00000000eab00000)
  object space 456704K, 37% used [0x00000000c0000000,0x00000000ca85b708,0x00000000dbe00000)
 Metaspace       used 72386K, capacity 75782K, committed 75904K, reserved 1114112K
  class space    used 9823K, capacity 10510K, committed 10624K, reserved 1048576K
Event: 19.715 GC heap after
Heap after GC invocations=18 (full 3):
 PSYoungGen      total 258560K, used 46317K [0x00000000eab00000, 0x0000000100000000, 0x0000000100000000)
  eden space 211968K, 0% used [0x00000000eab00000,0x00000000eab00000,0x00000000f7a00000)
  from space 46592K, 99% used [0x00000000f7a00000,0x00000000fa73b6c0,0x00000000fa780000)
  to   space 70656K, 0% used [0x00000000fbb00000,0x00000000fbb00000,0x0000000100000000)
 ParOldGen       total 456704K, used 182261K [0x00000000c0000000, 0x00000000dbe00000, 0x00000000eab00000)
  object space 456704K, 39% used [0x00000000c0000000,0x00000000cb1fd768,0x00000000dbe00000)
 Metaspace       used 72386K, capacity 75782K, committed 75904K, reserved 1114112K
  class space    used 9823K, capacity 10510K, committed 10624K, reserved 1048576K
}
Event: 21.980 GC heap before
{Heap before GC invocations=19 (full 3):
 PSYoungGen      total 258560K, used 258285K [0x00000000eab00000, 0x0000000100000000, 0x0000000100000000)
  eden space 211968K, 100% used [0x00000000eab00000,0x00000000f7a00000,0x00000000f7a00000)
  from space 46592K, 99% used [0x00000000f7a00000,0x00000000fa73b6c0,0x00000000fa780000)
  to   space 70656K, 0% used [0x00000000fbb00000,0x00000000fbb00000,0x0000000100000000)
 ParOldGen       total 456704K, used 182261K [0x00000000c0000000, 0x00000000dbe00000, 0x00000000eab00000)
  object space 456704K, 39% used [0x00000000c0000000,0x00000000cb1fd768,0x00000000dbe00000)
 Metaspace       used 74703K, capacity 78144K, committed 78336K, reserved 1116160K
  class space    used 10030K, capacity 10715K, committed 10752K, reserved 1048576K
Event: 21.991 GC heap after
Heap after GC invocations=19 (full 3):
 PSYoungGen      total 275456K, used 2385K [0x00000000eab00000, 0x0000000100000000, 0x0000000100000000)
  eden space 204800K, 0% used [0x00000000eab00000,0x00000000eab00000,0x00000000f7300000)
  from space 70656K, 3% used [0x00000000fbb00000,0x00000000fbd54688,0x0000000100000000)
  to   space 72192K, 0% used [0x00000000f7300000,0x00000000f7300000,0x00000000fb980000)
 ParOldGen       total 456704K, used 191887K [0x00000000c0000000, 0x00000000dbe00000, 0x00000000eab00000)
  object space 456704K, 42% used [0x00000000c0000000,0x00000000cbb63cb8,0x00000000dbe00000)
 Metaspace       used 74703K, capacity 78144K, committed 78336K, reserved 1116160K
  class space    used 10030K, capacity 10715K, committed 10752K, reserved 1048576K
}

Deoptimization events (10 events):
Event: 92.741 Thread 0x000000001dbae800 Uncommon trap: reason=bimorphic action=maybe_recompile pc=0x00000000030b5f20 method=com.google.common.cache.LocalCache$Segment.storeLoadedValue(Ljava/lang/Object;ILcom/google/common/cache/LocalCache$LoadingValueReference;Ljava/lang/Object;)Z @ 91
Event: 92.741 Thread 0x000000001dbae800 Uncommon trap: reason=bimorphic action=maybe_recompile pc=0x0000000003fff180 method=com.google.common.cache.LocalCache$Segment.setValue(Lcom/google/common/cache/LocalCache$ReferenceEntry;Ljava/lang/Object;Ljava/lang/Object;J)V @ 1
Event: 92.742 Thread 0x000000001dbae800 Uncommon trap: reason=bimorphic action=maybe_recompile pc=0x00000000030b5f20 method=com.google.common.cache.LocalCache$Segment.storeLoadedValue(Ljava/lang/Object;ILcom/google/common/cache/LocalCache$LoadingValueReference;Ljava/lang/Object;)Z @ 91
Event: 92.742 Thread 0x000000001dbae800 Uncommon trap: reason=bimorphic action=maybe_recompile pc=0x0000000003fff180 method=com.google.common.cache.LocalCache$Segment.setValue(Lcom/google/common/cache/LocalCache$ReferenceEntry;Ljava/lang/Object;Ljava/lang/Object;J)V @ 1
Event: 92.743 Thread 0x000000001dbae800 Uncommon trap: reason=bimorphic action=maybe_recompile pc=0x00000000048440f8 method=com.google.common.collect.SortedIterables.comparator(Ljava/util/SortedSet;)Ljava/util/Comparator; @ 1
Event: 92.874 Thread 0x000000001dbae800 Uncommon trap: reason=bimorphic action=maybe_recompile pc=0x0000000003c32280 method=java.util.stream.StreamOpFlag.fromCharacteristics(Ljava/util/Spliterator;)I @ 14
Event: 92.897 Thread 0x000000001dbae800 Uncommon trap: reason=bimorphic action=maybe_recompile pc=0x00000000047e20a8 method=java.util.stream.ReferencePipeline$2$1.begin(J)V @ 7
Event: 92.903 Thread 0x000000001dbae800 Uncommon trap: reason=bimorphic action=maybe_recompile pc=0x00000000047e20a8 method=java.util.stream.ReferencePipeline$2$1.begin(J)V @ 7
Event: 92.919 Thread 0x000000001dbae800 Uncommon trap: reason=bimorphic action=maybe_recompile pc=0x00000000047e20a8 method=java.util.stream.ReferencePipeline$2$1.begin(J)V @ 7
Event: 92.925 Thread 0x000000001dbae800 Uncommon trap: reason=bimorphic action=maybe_recompile pc=0x0000000004756660 method=java.util.stream.ReferencePipeline$2$1.begin(J)V @ 7

Internal exceptions (10 events):
Event: 92.861 Thread 0x000000001dbae800 Exception <a 'sun/nio/fs/WindowsException'> (0x00000000ecb53430) thrown at [D:\re\workspace\8-2-build-windows-amd64-cygwin\jdk8u77\6540\hotspot\src\share\vm\prims\jni.cpp, line 709]
Event: 92.861 Thread 0x000000001dbae800 Exception <a 'sun/nio/fs/WindowsException'> (0x00000000ecb54008) thrown at [D:\re\workspace\8-2-build-windows-amd64-cygwin\jdk8u77\6540\hotspot\src\share\vm\prims\jni.cpp, line 709]
Event: 92.861 Thread 0x000000001dbae800 Exception <a 'sun/nio/fs/WindowsException'> (0x00000000ecb56c48) thrown at [D:\re\workspace\8-2-build-windows-amd64-cygwin\jdk8u77\6540\hotspot\src\share\vm\prims\jni.cpp, line 709]
Event: 92.861 Thread 0x000000001dbae800 Exception <a 'sun/nio/fs/WindowsException'> (0x00000000ecb57850) thrown at [D:\re\workspace\8-2-build-windows-amd64-cygwin\jdk8u77\6540\hotspot\src\share\vm\prims\jni.cpp, line 709]
Event: 92.861 Thread 0x000000001dbae800 Exception <a 'sun/nio/fs/WindowsException'> (0x00000000ecb59490) thrown at [D:\re\workspace\8-2-build-windows-amd64-cygwin\jdk8u77\6540\hotspot\src\share\vm\prims\jni.cpp, line 709]
Event: 92.861 Thread 0x000000001dbae800 Exception <a 'sun/nio/fs/WindowsException'> (0x00000000ecb5a0d8) thrown at [D:\re\workspace\8-2-build-windows-amd64-cygwin\jdk8u77\6540\hotspot\src\share\vm\prims\jni.cpp, line 709]
Event: 92.861 Thread 0x000000001dbae800 Exception <a 'sun/nio/fs/WindowsException'> (0x00000000ecb5cf30) thrown at [D:\re\workspace\8-2-build-windows-amd64-cygwin\jdk8u77\6540\hotspot\src\share\vm\prims\jni.cpp, line 709]
Event: 92.861 Thread 0x000000001dbae800 Exception <a 'sun/nio/fs/WindowsException'> (0x00000000ecb5dbb0) thrown at [D:\re\workspace\8-2-build-windows-amd64-cygwin\jdk8u77\6540\hotspot\src\share\vm\prims\jni.cpp, line 709]
Event: 92.861 Thread 0x000000001dbae800 Exception <a 'sun/nio/fs/WindowsException'> (0x00000000ecb5f868) thrown at [D:\re\workspace\8-2-build-windows-amd64-cygwin\jdk8u77\6540\hotspot\src\share\vm\prims\jni.cpp, line 709]
Event: 92.861 Thread 0x000000001dbae800 Exception <a 'sun/nio/fs/WindowsException'> (0x00000000ecb60528) thrown at [D:\re\workspace\8-2-build-windows-amd64-cygwin\jdk8u77\6540\hotspot\src\share\vm\prims\jni.cpp, line 709]

Events (10 events):
Event: 92.897 Thread 0x000000001dbae800 DEOPT UNPACKING pc=0x00000000026f582a sp=0x000000001a92bc28 mode 2
Event: 92.903 Thread 0x000000001dbae800 Uncommon trap: trap_request=0xffffffc6 fr.pc=0x00000000047e20a8
Event: 92.903 Thread 0x000000001dbae800 DEOPT PACKING pc=0x00000000047e20a8 sp=0x000000001a92bc30
Event: 92.903 Thread 0x000000001dbae800 DEOPT UNPACKING pc=0x00000000026f582a sp=0x000000001a92baa8 mode 2
Event: 92.919 Thread 0x000000001dbae800 Uncommon trap: trap_request=0xffffffc6 fr.pc=0x00000000047e20a8
Event: 92.919 Thread 0x000000001dbae800 DEOPT PACKING pc=0x00000000047e20a8 sp=0x000000001a92be70
Event: 92.919 Thread 0x000000001dbae800 DEOPT UNPACKING pc=0x00000000026f582a sp=0x000000001a92bce8 mode 2
Event: 92.925 Thread 0x000000001dbae800 Uncommon trap: trap_request=0xffffffc6 fr.pc=0x0000000004756660
Event: 92.925 Thread 0x000000001dbae800 DEOPT PACKING pc=0x0000000004756660 sp=0x000000001a92bd40
Event: 92.925 Thread 0x000000001dbae800 DEOPT UNPACKING pc=0x00000000026f582a sp=0x000000001a92bc20 mode 2


Dynamic libraries:
0x000000013f060000 - 0x000000013f097000 	C:\Program Files\Java\jdk1.8.0_77\bin\java.exe
0x0000000077a20000 - 0x0000000077bcb000 	C:\Windows\SYSTEM32\ntdll.dll
0x0000000077900000 - 0x0000000077a1f000 	C:\Windows\system32\kernel32.dll
0x000007fefd950000 - 0x000007fefd9ba000 	C:\Windows\system32\KERNELBASE.dll
0x000007fefe390000 - 0x000007fefe46b000 	C:\Windows\system32\ADVAPI32.dll
0x000007fefe640000 - 0x000007fefe6df000 	C:\Windows\system32\msvcrt.dll
0x000007fefdb90000 - 0x000007fefdbaf000 	C:\Windows\SYSTEM32\sechost.dll
0x000007feff8e0000 - 0x000007feffa0d000 	C:\Windows\system32\RPCRT4.dll
0x0000000077800000 - 0x00000000778fa000 	C:\Windows\system32\USER32.dll
0x000007feff870000 - 0x000007feff8d7000 	C:\Windows\system32\GDI32.dll
0x000007feff680000 - 0x000007feff68e000 	C:\Windows\system32\LPK.dll
0x000007fefe470000 - 0x000007fefe53a000 	C:\Windows\system32\USP10.dll
0x000007fefa520000 - 0x000007fefa714000 	C:\Windows\WinSxS\amd64_microsoft.windows.common-controls_6595b64144ccf1df_6.0.7601.18837_none_fa3b1e3d17594757\COMCTL32.dll
0x000007feffb20000 - 0x000007feffb91000 	C:\Windows\system32\SHLWAPI.dll
0x000007fefe070000 - 0x000007fefe09e000 	C:\Windows\system32\IMM32.DLL
0x000007feffa10000 - 0x000007feffb19000 	C:\Windows\system32\MSCTF.dll
0x000000005cc40000 - 0x000000005cd12000 	C:\Program Files\Java\jdk1.8.0_77\jre\bin\msvcr100.dll
0x0000000053a70000 - 0x0000000054300000 	C:\Program Files\Java\jdk1.8.0_77\jre\bin\server\jvm.dll
0x000007fef6660000 - 0x000007fef6669000 	C:\Windows\system32\WSOCK32.dll
0x000007fefe550000 - 0x000007fefe59d000 	C:\Windows\system32\WS2_32.dll
0x000007fefe540000 - 0x000007fefe548000 	C:\Windows\system32\NSI.dll
0x000007fefa110000 - 0x000007fefa14b000 	C:\Windows\system32\WINMM.dll
0x000007fefc8c0000 - 0x000007fefc8cc000 	C:\Windows\system32\VERSION.dll
0x0000000077be0000 - 0x0000000077be7000 	C:\Windows\system32\PSAPI.DLL
0x000000005cdf0000 - 0x000000005cdff000 	C:\Program Files\Java\jdk1.8.0_77\jre\bin\verify.dll
0x000000005cdc0000 - 0x000000005cde9000 	C:\Program Files\Java\jdk1.8.0_77\jre\bin\java.dll
0x000000005cda0000 - 0x000000005cdb6000 	C:\Program Files\Java\jdk1.8.0_77\jre\bin\zip.dll
0x000007fefe6e0000 - 0x000007feff46a000 	C:\Windows\system32\SHELL32.dll
0x000007feff470000 - 0x000007feff673000 	C:\Windows\system32\ole32.dll
0x000007fefd7d0000 - 0x000007fefd7df000 	C:\Windows\system32\profapi.dll
0x000000005cd80000 - 0x000000005cd9a000 	C:\Program Files\Java\jdk1.8.0_77\jre\bin\net.dll
0x000007fefcfb0000 - 0x000007fefd005000 	C:\Windows\system32\mswsock.dll
0x000007fefcfa0000 - 0x000007fefcfa7000 	C:\Windows\System32\wship6.dll
0x000000005cd60000 - 0x000000005cd71000 	C:\Program Files\Java\jdk1.8.0_77\jre\bin\nio.dll
0x000007fecce80000 - 0x000007fecce9e000 	C:\Users\illitirit\.gradle\native\25\windows-amd64\native-platform.dll
0x000000005cf70000 - 0x000000005cf7d000 	C:\Program Files\Java\jdk1.8.0_77\jre\bin\management.dll
0x000007fefd010000 - 0x000007fefd028000 	C:\Windows\system32\CRYPTSP.dll
0x000007fefcd10000 - 0x000007fefcd57000 	C:\Windows\system32\rsaenh.dll
0x000007fefd800000 - 0x000007fefd81e000 	C:\Windows\system32\USERENV.dll
0x000007fefd670000 - 0x000007fefd67f000 	C:\Windows\system32\CRYPTBASE.dll
0x000007fefac30000 - 0x000007fefac57000 	C:\Windows\system32\IPHLPAPI.DLL
0x000007fefad30000 - 0x000007fefad3b000 	C:\Windows\system32\WINNSI.DLL
0x000007fefac00000 - 0x000007fefac11000 	C:\Windows\system32\dhcpcsvc6.DLL
0x000007fefab80000 - 0x000007fefab98000 	C:\Windows\system32\dhcpcsvc.DLL
0x000007fefc990000 - 0x000007fefc997000 	C:\Windows\System32\wshtcpip.dll
0x000007fefce30000 - 0x000007fefce8b000 	C:\Windows\system32\DNSAPI.dll
0x000007fef64e0000 - 0x000007fef64e8000 	C:\Windows\system32\rasadhlp.dll
0x000007fefac60000 - 0x000007fefacb3000 	C:\Windows\System32\fwpuclnt.dll
0x000007fefd610000 - 0x000007fefd667000 	C:\Windows\system32\apphelp.dll

VM Arguments:
jvm_args: -XX:+HeapDumpOnOutOfMemoryError -Xmx1024m -Dfile.encoding=windows-1252 -Duser.country=US -Duser.language=en -Duser.variant 
java_command: org.gradle.launcher.daemon.bootstrap.GradleDaemon 4.4
java_class_path (initial): C:\Users\illitirit\.gradle\wrapper\dists\gradle-4.4-all\9br9xq1tocpiv8o6njlyu5op1\gradle-4.4\lib\gradle-launcher-4.4.jar
Launcher Type: SUN_STANDARD

Environment Variables:
JAVA_HOME=C:\PROGRA~1\Java\jdk1.8.0_77
CLASSPATH=C:\Users\illitirit\Code\phiscal\android\\gradle\wrapper\gradle-wrapper.jar
PATH=C:\Users\illitirit\AppData\Roaming\npm\node_modules\npm\node_modules\npm-lifecycle\node-gyp-bin;C:\Users\illitirit\code\phiscal\node_modules\.bin;C:\Users\illitirit\bin;C:\cmder\bin;C:\Program Files\Git\bin;C:\cmder\vendor\git-for-windows\mingw64\bin;C:\cmder\vendor\git-for-windows\usr\local\bin;C:\cmder\vendor\git-for-windows\usr\bin;C:\cmder\vendor\git-for-windows\usr\bin;C:\cmder\vendor\git-for-windows\mingw64\bin;C:\cmder\vendor\git-for-windows\usr\bin;C:\Users\illitirit\bin;C:\cmder\vendor\conemu-maximus5\ConEmu\Scripts;C:\cmder\vendor\conemu-maximus5;C:\cmder\vendor\conemu-maximus5\ConEmu;C:\Program Files (x86)\Google\Chrome\Application;C:\ProgramData\Oracle\Java\javapath;C:\Program Files (x86)\Razer Chroma SDK\bin;C:\Program Files\Razer Chroma SDK\bin;C:\Program Files (x86)\Google\Chrome\Application;C:\Windows\system32;C:\Windows;C:\Windows\System32\Wbem;C:\Windows\System32\WindowsPowerShell\v1.0;C:\Windows\system32\config\systemprofile\.dnx\bin;C:\Program Files\Microsoft DNX\Dnvm;C:\Program Files\Microsoft SQL Server\120\Tools\Binn;C:\Program Files\Microsoft SQL Server\130\Tools\Binn;C:\Program Files (x86)\Windows Kits\10\Windows Performance Toolkit;C:\Program Files (x86)\Skype\Phone;C:\Users\illitirit\AppData\Local\Programs\Python\Python35-32\Scripts;C:\Users\illitirit\AppData\Local\Programs\Python\Python35-32;C:\Users\illitirit\AppData\Roaming\npm;C:\adb;C:\Program Files\nodejs;C:\Users\illitirit\AppData\Local\Programs\Python\Python37-32\Scripts;C:\Users\illitirit\AppData\Local\Programs\Python\Python37-32;C:\Program Files\nodejs;C:\Program Files\nodejs;C:\Program Files\Heroku\bin;C:\Users\illitirit\AppData\Local\atom\bin;C:\Users\illitirit\AppData\Local\Programs\Microsoft VS Code\bin;C:\Users\illitirit\AppData\Roaming\npm;C:\cmder;C:\cmder\vendor\git-for-windows\usr\bin\vendor_perl;C:\cmder\vendor\git-for-windows\usr\bin\core_perl
USERNAME=illitirit
SHELL=C:\cmder\vendor\git-for-windows\usr\bin\bash.exe
DISPLAY=needs-to-be-defined
OS=Windows_NT
PROCESSOR_IDENTIFIER=Intel64 Family 6 Model 58 Stepping 9, GenuineIntel



---------------  S Y S T E M  ---------------

OS: Windows 7 , 64 bit Build 7601 (6.1.7601.23455)

CPU:total 8 (4 cores per cpu, 2 threads per core) family 6 model 58 stepping 9, cmov, cx8, fxsr, mmx, sse, sse2, sse3, ssse3, sse4.1, sse4.2, popcnt, avx, aes, clmul, erms, ht, tsc, tscinvbit, tscinv

Memory: 4k page, physical 33436604k(2885148k free), swap 34970744k(5056k free)

vm_info: Java HotSpot(TM) 64-Bit Server VM (25.77-b03) for windows-amd64 JRE (1.8.0_77-b03), built on Mar 20 2016 22:01:33 by "java_re" with MS VC++ 10.0 (VS2010)

time: Sun Sep 16 19:52:48 2018
elapsed time: 92 seconds (0d 0h 1m 32s)

